{"uuid":"1988ce38-181e-4f96-a7f2-e547d8e35b70","historyId":"410ec4b76394e4963b276ff84ec62fa4","fullName":"com.aurigo.masterworks.tests.webUI.cloud.smoke.FundManagementTest.FundManagementSmokeTest","labels":[{"name":"package","value":"com.aurigo.masterworks.tests.webUI.cloud.smoke.FundManagementTest"},{"name":"testClass","value":"com.aurigo.masterworks.tests.webUI.cloud.smoke.FundManagementTest"},{"name":"testMethod","value":"FundManagementSmokeTest"},{"name":"parentSuite","value":"Default Suite"},{"name":"suite","value":"Masterworks"},{"name":"subSuite","value":"com.aurigo.masterworks.tests.webUI.cloud.smoke.FundManagementTest"},{"name":"host","value":"AURINL-3NXNH34"},{"name":"thread","value":"31940@AURINL-3NXNH34.main(1)"},{"name":"framework","value":"testng"},{"name":"language","value":"java"}],"links":[],"name":"Verify User is able to approve fund Management","status":"broken","statusDetails":{"known":false,"muted":false,"flaky":false,"message":"Cannot invoke \"String.equalsIgnoreCase(String)\" because \"flash\" is null","trace":"java.lang.NullPointerException: Cannot invoke \"String.equalsIgnoreCase(String)\" because \"flash\" is null\r\n\tat com.aurigo.masterworks.testframework.utilities.helper.ElementHelper.getElement(ElementHelper.java:40)\r\n\tat com.aurigo.masterworks.testframework.utilities.helper.ElementHelper.doSendKeys(ElementHelper.java:314)\r\n\tat com.aurigo.masterworks.testframework.webUI.common.LoginPage.login(LoginPage.java:151)\r\n\tat com.aurigo.masterworks.testframework.webUI.common.LoginPage.doLogin(LoginPage.java:99)\r\n\tat com.aurigo.masterworks.testframework.webUI.common.SharedSteps.login(SharedSteps.java:47)\r\n\tat com.aurigo.masterworks.tests.webUI.cloud.smoke.FundManagementTest.FundManagementSmokeTest(FundManagementTest.java:16)\r\n\tat java.base/jdk.internal.reflect.DirectMethodHandleAccessor.invoke(DirectMethodHandleAccessor.java:103)\r\n\tat java.base/java.lang.reflect.Method.invoke(Method.java:580)\r\n\tat org.testng.internal.invokers.MethodInvocationHelper.invokeMethod(MethodInvocationHelper.java:139)\r\n\tat org.testng.internal.invokers.TestInvoker.invokeMethod(TestInvoker.java:677)\r\n\tat org.testng.internal.invokers.TestInvoker.invokeTestMethod(TestInvoker.java:221)\r\n\tat org.testng.internal.invokers.MethodRunner.runInSequence(MethodRunner.java:50)\r\n\tat org.testng.internal.invokers.TestInvoker$MethodInvocationAgent.invoke(TestInvoker.java:962)\r\n\tat org.testng.internal.invokers.TestInvoker.invokeTestMethods(TestInvoker.java:194)\r\n\tat org.testng.internal.invokers.TestMethodWorker.invokeTestMethods(TestMethodWorker.java:148)\r\n\tat org.testng.internal.invokers.TestMethodWorker.run(TestMethodWorker.java:128)\r\n\tat java.base/java.util.ArrayList.forEach(ArrayList.java:1597)\r\n\tat org.testng.TestRunner.privateRun(TestRunner.java:806)\r\n\tat org.testng.TestRunner.run(TestRunner.java:601)\r\n\tat org.testng.SuiteRunner.runTest(SuiteRunner.java:433)\r\n\tat org.testng.SuiteRunner.runSequentially(SuiteRunner.java:427)\r\n\tat org.testng.SuiteRunner.privateRun(SuiteRunner.java:387)\r\n\tat org.testng.SuiteRunner.run(SuiteRunner.java:330)\r\n\tat org.testng.SuiteRunnerWorker.runSuite(SuiteRunnerWorker.java:52)\r\n\tat org.testng.SuiteRunnerWorker.run(SuiteRunnerWorker.java:95)\r\n\tat org.testng.TestNG.runSuitesSequentially(TestNG.java:1256)\r\n\tat org.testng.TestNG.runSuitesLocally(TestNG.java:1176)\r\n\tat org.testng.TestNG.runSuites(TestNG.java:1099)\r\n\tat org.testng.TestNG.run(TestNG.java:1067)\r\n\tat com.intellij.rt.testng.IDEARemoteTestNG.run(IDEARemoteTestNG.java:65)\r\n\tat com.intellij.rt.testng.RemoteTestNGStarter.main(RemoteTestNGStarter.java:105)\r\n"},"stage":"finished","steps":[{"name":"Login into MasterWorks","status":"broken","statusDetails":{"known":false,"muted":false,"flaky":false,"message":"Cannot invoke \"String.equalsIgnoreCase(String)\" because \"flash\" is null","trace":"java.lang.NullPointerException: Cannot invoke \"String.equalsIgnoreCase(String)\" because \"flash\" is null\r\n\tat com.aurigo.masterworks.testframework.utilities.helper.ElementHelper.getElement(ElementHelper.java:40)\r\n\tat com.aurigo.masterworks.testframework.utilities.helper.ElementHelper.doSendKeys(ElementHelper.java:314)\r\n\tat com.aurigo.masterworks.testframework.webUI.common.LoginPage.login(LoginPage.java:151)\r\n\tat com.aurigo.masterworks.testframework.webUI.common.LoginPage.doLogin(LoginPage.java:99)\r\n\tat com.aurigo.masterworks.testframework.webUI.common.SharedSteps.login(SharedSteps.java:47)\r\n\tat com.aurigo.masterworks.tests.webUI.cloud.smoke.FundManagementTest.FundManagementSmokeTest(FundManagementTest.java:16)\r\n\tat java.base/jdk.internal.reflect.DirectMethodHandleAccessor.invoke(DirectMethodHandleAccessor.java:103)\r\n\tat java.base/java.lang.reflect.Method.invoke(Method.java:580)\r\n\tat org.testng.internal.invokers.MethodInvocationHelper.invokeMethod(MethodInvocationHelper.java:139)\r\n\tat org.testng.internal.invokers.TestInvoker.invokeMethod(TestInvoker.java:677)\r\n\tat org.testng.internal.invokers.TestInvoker.invokeTestMethod(TestInvoker.java:221)\r\n\tat org.testng.internal.invokers.MethodRunner.runInSequence(MethodRunner.java:50)\r\n\tat org.testng.internal.invokers.TestInvoker$MethodInvocationAgent.invoke(TestInvoker.java:962)\r\n\tat org.testng.internal.invokers.TestInvoker.invokeTestMethods(TestInvoker.java:194)\r\n\tat org.testng.internal.invokers.TestMethodWorker.invokeTestMethods(TestMethodWorker.java:148)\r\n\tat org.testng.internal.invokers.TestMethodWorker.run(TestMethodWorker.java:128)\r\n\tat java.base/java.util.ArrayList.forEach(ArrayList.java:1597)\r\n\tat org.testng.TestRunner.privateRun(TestRunner.java:806)\r\n\tat org.testng.TestRunner.run(TestRunner.java:601)\r\n\tat org.testng.SuiteRunner.runTest(SuiteRunner.java:433)\r\n\tat org.testng.SuiteRunner.runSequentially(SuiteRunner.java:427)\r\n\tat org.testng.SuiteRunner.privateRun(SuiteRunner.java:387)\r\n\tat org.testng.SuiteRunner.run(SuiteRunner.java:330)\r\n\tat org.testng.SuiteRunnerWorker.runSuite(SuiteRunnerWorker.java:52)\r\n\tat org.testng.SuiteRunnerWorker.run(SuiteRunnerWorker.java:95)\r\n\tat org.testng.TestNG.runSuitesSequentially(TestNG.java:1256)\r\n\tat org.testng.TestNG.runSuitesLocally(TestNG.java:1176)\r\n\tat org.testng.TestNG.runSuites(TestNG.java:1099)\r\n\tat org.testng.TestNG.run(TestNG.java:1067)\r\n\tat com.intellij.rt.testng.IDEARemoteTestNG.run(IDEARemoteTestNG.java:65)\r\n\tat com.intellij.rt.testng.RemoteTestNGStarter.main(RemoteTestNGStarter.java:105)\r\n"},"stage":"finished","steps":[],"attachments":[],"parameters":[{"name":"username","value":"Abhilash"},{"name":"password","value":"Deldotsit@20231"}],"start":1763631597149,"stop":1763631617428}],"attachments":[],"parameters":[],"start":1763631596843,"stop":1763631617437}